Name,CPU%,MemUsage,NetIO,BlockIO,PIDs
mystifying_elgamal,484.27%,333.4MiB / 98.25GiB,23.9MB / 485kB,4.1kB / 288MB,64
mystifying_elgamal,198.59%,305.6MiB / 98.25GiB,23.9MB / 485kB,4.1kB / 371MB,16
mystifying_elgamal,119.21%,354MiB / 98.25GiB,44.1MB / 539kB,4.1kB / 397MB,6
mystifying_elgamal,9.36%,555.4MiB / 98.25GiB,106MB / 682kB,16.4kB / 397MB,6
mystifying_elgamal,0.49%,564.4MiB / 98.25GiB,110MB / 746kB,16.4kB / 550MB,6
mystifying_elgamal,538.36%,602.7MiB / 98.25GiB,111MB / 776kB,16.4kB / 619MB,24
mystifying_elgamal,1491.23%,713.9MiB / 98.25GiB,111MB / 776kB,16.4kB / 718MB,56
mystifying_elgamal,102.83%,610.3MiB / 98.25GiB,111MB / 776kB,16.4kB / 870MB,12
mystifying_elgamal,110.18%,623.7MiB / 98.25GiB,111MB / 776kB,16.4kB / 1.04GB,13
mystifying_elgamal,99.11%,627.5MiB / 98.25GiB,111MB / 776kB,16.4kB / 1.84GB,12
mystifying_elgamal,1190.94%,1.047GiB / 98.25GiB,111MB / 776kB,16.4kB / 2.06GB,26
mystifying_elgamal,1604.50%,2.976GiB / 98.25GiB,111MB / 776kB,16.4kB / 2.14GB,41
mystifying_elgamal,1588.47%,2.882GiB / 98.25GiB,111MB / 776kB,16.4kB / 2.28GB,41
mystifying_elgamal,1592.00%,3.496GiB / 98.25GiB,111MB / 776kB,16.4kB / 2.39GB,42
mystifying_elgamal,1593.56%,3.558GiB / 98.25GiB,111MB / 776kB,16.4kB / 2.53GB,42
mystifying_elgamal,1596.45%,2.628GiB / 98.25GiB,111MB / 776kB,16.4kB / 2.7GB,42
mystifying_elgamal,1586.32%,2.941GiB / 98.25GiB,111MB / 776kB,16.4kB / 2.87GB,42
mystifying_elgamal,1606.80%,2.36GiB / 98.25GiB,111MB / 776kB,16.4kB / 3.18GB,42
mystifying_elgamal,1594.52%,2.485GiB / 98.25GiB,111MB / 776kB,16.4kB / 3.36GB,42
mystifying_elgamal,1583.61%,2.906GiB / 98.25GiB,111MB / 776kB,16.4kB / 3.61GB,42
mystifying_elgamal,1587.09%,2.335GiB / 98.25GiB,111MB / 776kB,16.4kB / 3.84GB,42
mystifying_elgamal,1597.54%,3.186GiB / 98.25GiB,111MB / 776kB,16.4kB / 4.02GB,42
mystifying_elgamal,1050.49%,3.612GiB / 98.25GiB,111MB / 776kB,16.4kB / 4.17GB,30
mystifying_elgamal,298.67%,2.106GiB / 98.25GiB,111MB / 776kB,16.4kB / 4.29GB,16
mystifying_elgamal,299.05%,2.254GiB / 98.25GiB,111MB / 776kB,16.4kB / 4.38GB,16
mystifying_elgamal,123.76%,1.517GiB / 98.25GiB,111MB / 776kB,16.4kB / 4.49GB,12
mystifying_elgamal,99.89%,1.565GiB / 98.25GiB,111MB / 776kB,16.4kB / 4.55GB,12
mystifying_elgamal,100.14%,1.527GiB / 98.25GiB,111MB / 776kB,16.4kB / 4.6GB,12
mystifying_elgamal,99.87%,1.423GiB / 98.25GiB,111MB / 776kB,16.4kB / 4.76GB,12
mystifying_elgamal,769.96%,1.513GiB / 98.25GiB,111MB / 776kB,16.4kB / 4.83GB,7
pensive_hypatia,163.18%,153.7MiB / 98.25GiB,33.7MB / 31.6kB,0B / 0B,6
